<?xml version="1.0" encoding="UTF-8"?>
<testsuite name="com.epam.microservices.web.WebAccountsControllerTest" time="1.378" tests="5" errors="0" skipped="4" failures="0">
  <properties>
[...]
</properties>
  <testcase name="testSearchForm" classname="com.epam.microservices.web.WebAccountsControllerTest" time="0">
    <skipped/>
    <system-out><![CDATA[PID_IS_UNDEFINED: DEBUG SpringJUnit4ClassRunner - SpringJUnit4ClassRunner constructor called with [class com.epam.microservices.web.WebAccountsControllerTest]
PID_IS_UNDEFINED: DEBUG BootstrapUtils - Instantiating CacheAwareContextLoaderDelegate from class [org.springframework.test.context.cache.DefaultCacheAwareContextLoaderDelegate]
PID_IS_UNDEFINED: DEBUG BootstrapUtils - Instantiating BootstrapContext using constructor [public org.springframework.test.context.support.DefaultBootstrapContext(java.lang.Class,org.springframework.test.context.CacheAwareContextLoaderDelegate)]
PID_IS_UNDEFINED: DEBUG BootstrapUtils - Instantiating TestContextBootstrapper for test class [com.epam.microservices.web.WebAccountsControllerTest] from class [org.springframework.test.context.web.WebTestContextBootstrapper]
PID_IS_UNDEFINED: DEBUG AbstractDelegatingSmartContextLoader - Delegating to AnnotationConfigWebContextLoader to process context configuration [ContextConfigurationAttributes@28c4711c declaringClass = 'com.epam.microservices.web.WebAccountsControllerTest', classes = '{class com.epam.microservices.config.AccountConfiguration}', locations = '{}', inheritLocations = true, initializers = '{}', inheritInitializers = true, name = [null], contextLoaderClass = 'org.springframework.test.context.ContextLoader'].
PID_IS_UNDEFINED: DEBUG ActiveProfilesUtils - Could not find an 'annotation declaring class' for annotation type [org.springframework.test.context.ActiveProfiles] and class [com.epam.microservices.web.WebAccountsControllerTest]
PID_IS_UNDEFINED: DEBUG WebTestContextBootstrapper - @TestExecutionListeners is not present for class [com.epam.microservices.web.WebAccountsControllerTest]: using defaults.
PID_IS_UNDEFINED: INFO  WebTestContextBootstrapper - Loaded default TestExecutionListener class names from location [META-INF/spring.factories]: [org.springframework.test.context.web.ServletTestExecutionListener, org.springframework.test.context.support.DirtiesContextBeforeModesTestExecutionListener, org.springframework.test.context.support.DependencyInjectionTestExecutionListener, org.springframework.test.context.support.DirtiesContextTestExecutionListener, org.springframework.test.context.transaction.TransactionalTestExecutionListener, org.springframework.test.context.jdbc.SqlScriptsTestExecutionListener]
PID_IS_UNDEFINED: INFO  WebTestContextBootstrapper - Could not instantiate TestExecutionListener [org.springframework.test.context.transaction.TransactionalTestExecutionListener]. Specify custom listener classes or make the default listener classes (and their required dependencies) available. Offending class: [org/springframework/transaction/interceptor/TransactionAttributeSource]
PID_IS_UNDEFINED: INFO  WebTestContextBootstrapper - Could not instantiate TestExecutionListener [org.springframework.test.context.jdbc.SqlScriptsTestExecutionListener]. Specify custom listener classes or make the default listener classes (and their required dependencies) available. Offending class: [org/springframework/transaction/interceptor/TransactionAttribute]
PID_IS_UNDEFINED: INFO  WebTestContextBootstrapper - Using TestExecutionListeners: [org.springframework.test.context.web.ServletTestExecutionListener@341b80b2, org.springframework.test.context.support.DirtiesContextBeforeModesTestExecutionListener@55a1c291, org.springframework.test.context.support.DependencyInjectionTestExecutionListener@2145433b, org.springframework.test.context.support.DirtiesContextTestExecutionListener@2890c451]
PID_IS_UNDEFINED: DEBUG ProfileValueUtils - Retrieved @ProfileValueSourceConfiguration [null] for test class [com.epam.microservices.web.WebAccountsControllerTest]
PID_IS_UNDEFINED: DEBUG ProfileValueUtils - Retrieved ProfileValueSource type [class org.springframework.test.annotation.SystemProfileValueSource] for class [com.epam.microservices.web.WebAccountsControllerTest]
PID_IS_UNDEFINED: DEBUG SpringJUnit4ClassRunner - SpringJUnit4ClassRunner constructor called with [class com.epam.microservices.web.WebAccountsControllerTest]
PID_IS_UNDEFINED: DEBUG BootstrapUtils - Instantiating CacheAwareContextLoaderDelegate from class [org.springframework.test.context.cache.DefaultCacheAwareContextLoaderDelegate]
PID_IS_UNDEFINED: DEBUG BootstrapUtils - Instantiating BootstrapContext using constructor [public org.springframework.test.context.support.DefaultBootstrapContext(java.lang.Class,org.springframework.test.context.CacheAwareContextLoaderDelegate)]
PID_IS_UNDEFINED: DEBUG BootstrapUtils - Instantiating TestContextBootstrapper for test class [com.epam.microservices.web.WebAccountsControllerTest] from class [org.springframework.test.context.web.WebTestContextBootstrapper]
PID_IS_UNDEFINED: DEBUG AbstractDelegatingSmartContextLoader - Delegating to AnnotationConfigWebContextLoader to process context configuration [ContextConfigurationAttributes@14a2f921 declaringClass = 'com.epam.microservices.web.WebAccountsControllerTest', classes = '{class com.epam.microservices.config.AccountConfiguration}', locations = '{}', inheritLocations = true, initializers = '{}', inheritInitializers = true, name = [null], contextLoaderClass = 'org.springframework.test.context.ContextLoader'].
PID_IS_UNDEFINED: DEBUG ActiveProfilesUtils - Could not find an 'annotation declaring class' for annotation type [org.springframework.test.context.ActiveProfiles] and class [com.epam.microservices.web.WebAccountsControllerTest]
PID_IS_UNDEFINED: DEBUG WebTestContextBootstrapper - @TestExecutionListeners is not present for class [com.epam.microservices.web.WebAccountsControllerTest]: using defaults.
PID_IS_UNDEFINED: INFO  WebTestContextBootstrapper - Loaded default TestExecutionListener class names from location [META-INF/spring.factories]: [org.springframework.test.context.web.ServletTestExecutionListener, org.springframework.test.context.support.DirtiesContextBeforeModesTestExecutionListener, org.springframework.test.context.support.DependencyInjectionTestExecutionListener, org.springframework.test.context.support.DirtiesContextTestExecutionListener, org.springframework.test.context.transaction.TransactionalTestExecutionListener, org.springframework.test.context.jdbc.SqlScriptsTestExecutionListener]
PID_IS_UNDEFINED: INFO  WebTestContextBootstrapper - Could not instantiate TestExecutionListener [org.springframework.test.context.transaction.TransactionalTestExecutionListener]. Specify custom listener classes or make the default listener classes (and their required dependencies) available. Offending class: [org/springframework/transaction/interceptor/TransactionAttributeSource]
PID_IS_UNDEFINED: INFO  WebTestContextBootstrapper - Could not instantiate TestExecutionListener [org.springframework.test.context.jdbc.SqlScriptsTestExecutionListener]. Specify custom listener classes or make the default listener classes (and their required dependencies) available. Offending class: [org/springframework/transaction/interceptor/TransactionAttribute]
PID_IS_UNDEFINED: INFO  WebTestContextBootstrapper - Using TestExecutionListeners: [org.springframework.test.context.web.ServletTestExecutionListener@3d299e3, org.springframework.test.context.support.DirtiesContextBeforeModesTestExecutionListener@55a561cf, org.springframework.test.context.support.DependencyInjectionTestExecutionListener@3b938003, org.springframework.test.context.support.DirtiesContextTestExecutionListener@6f3b5d16]
PID_IS_UNDEFINED: DEBUG ProfileValueUtils - Retrieved @ProfileValueSourceConfiguration [null] for test class [com.epam.microservices.web.WebAccountsControllerTest]
PID_IS_UNDEFINED: DEBUG ProfileValueUtils - Retrieved ProfileValueSource type [class org.springframework.test.annotation.SystemProfileValueSource] for class [com.epam.microservices.web.WebAccountsControllerTest]
PID_IS_UNDEFINED: DEBUG ProfileValueUtils - Retrieved @ProfileValueSourceConfiguration [null] for test class [com.epam.microservices.web.WebAccountsControllerTest]
PID_IS_UNDEFINED: DEBUG ProfileValueUtils - Retrieved ProfileValueSource type [class org.springframework.test.annotation.SystemProfileValueSource] for class [com.epam.microservices.web.WebAccountsControllerTest]
PID_IS_UNDEFINED: DEBUG AbstractDirtiesContextTestExecutionListener - Before test class: context [DefaultTestContext@f2f2cc1 testClass = WebAccountsControllerTest, testInstance = [null], testMethod = [null], testException = [null], mergedContextConfiguration = [WebMergedContextConfiguration@3a079870 testClass = WebAccountsControllerTest, locations = '{}', classes = '{class com.epam.microservices.config.AccountConfiguration}', contextInitializerClasses = '[]', activeProfiles = '{}', propertySourceLocations = '{}', propertySourceProperties = '{}', resourceBasePath = 'src/main/webapp', contextLoader = 'org.springframework.test.context.web.WebDelegatingSmartContextLoader', parent = [null]]], class annotated with @DirtiesContext [false] with mode [null].
]]></system-out>
  </testcase>
  <testcase name="testOwnerSearch" classname="com.epam.microservices.web.WebAccountsControllerTest" time="0">
    <skipped/>
  </testcase>
  <testcase name="testDoSearch" classname="com.epam.microservices.web.WebAccountsControllerTest" time="0">
    <skipped/>
  </testcase>
  <testcase name="testGoHome" classname="com.epam.microservices.web.WebAccountsControllerTest" time="1.378"/>
  <testcase name="testByNumber" classname="com.epam.microservices.web.WebAccountsControllerTest" time="0">
    <skipped/>
  </testcase>
</testsuite>